2019-07-30 10:59:56,785 INFO o.a.j.u.JMeterUtils: Setting Locale to en_EN
2019-07-30 10:59:56,830 INFO o.a.j.JMeter: Loading user properties from: user.properties
2019-07-30 10:59:56,830 INFO o.a.j.JMeter: Loading system properties from: system.properties
2019-07-30 10:59:56,867 INFO o.a.j.JMeter: Copyright (c) 1998-2018 The Apache Software Foundation
2019-07-30 10:59:56,867 INFO o.a.j.JMeter: Version 5.0 r1840935
2019-07-30 10:59:56,867 INFO o.a.j.JMeter: java.version=1.8.0_181
2019-07-30 10:59:56,867 INFO o.a.j.JMeter: java.vm.name=Java HotSpot(TM) 64-Bit Server VM
2019-07-30 10:59:56,867 INFO o.a.j.JMeter: os.name=Linux
2019-07-30 10:59:56,867 INFO o.a.j.JMeter: os.arch=amd64
2019-07-30 10:59:56,867 INFO o.a.j.JMeter: os.version=4.15.0-23-generic
2019-07-30 10:59:56,867 INFO o.a.j.JMeter: file.encoding=UTF-8
2019-07-30 10:59:56,867 INFO o.a.j.JMeter: Max memory     =1073741824
2019-07-30 10:59:56,868 INFO o.a.j.JMeter: Available Processors =4
2019-07-30 10:59:56,892 INFO o.a.j.JMeter: Default Locale=English (EN)
2019-07-30 10:59:56,893 INFO o.a.j.JMeter: JMeter  Locale=English (EN)
2019-07-30 10:59:56,893 INFO o.a.j.JMeter: JMeterHome=/home/yasas/Desktop/Auto-Migration-and-Testing-Python-/testing
2019-07-30 10:59:56,893 INFO o.a.j.JMeter: user.dir  =/home/yasas/Desktop/Auto-Migration-and-Testing-Python-/testing/bin
2019-07-30 10:59:56,893 INFO o.a.j.JMeter: PWD       =/home/yasas/Desktop/Auto-Migration-and-Testing-Python-/testing/bin
2019-07-30 10:59:56,894 INFO o.a.j.JMeter: IP: 127.0.1.1 Name: yasas-in-ubuntu FullName: yasas-in-ubuntu
2019-07-30 10:59:57,844 INFO o.a.j.g.a.LookAndFeelCommand: Installing Darcula LAF
2019-07-30 10:59:58,124 INFO o.a.j.g.a.LookAndFeelCommand: Using look and feel: com.sun.java.swing.plaf.gtk.GTKLookAndFeel [Darcula]
2019-07-30 10:59:58,125 INFO o.a.j.JMeter: Setting LAF to: com.sun.java.swing.plaf.gtk.GTKLookAndFeel
2019-07-30 10:59:58,553 INFO o.a.j.JMeter: Loaded icon properties from org/apache/jmeter/images/icon.properties
2019-07-30 10:59:59,573 INFO o.a.j.e.u.CompoundVariable: Note: Function class names must contain the string: '.functions.'
2019-07-30 10:59:59,573 INFO o.a.j.e.u.CompoundVariable: Note: Function class names must not contain the string: '.gui.'
2019-07-30 11:00:02,759 INFO o.a.j.p.h.s.HTTPSamplerBase: Parser for text/html is org.apache.jmeter.protocol.http.parser.LagartoBasedHtmlParser
2019-07-30 11:00:02,760 INFO o.a.j.p.h.s.HTTPSamplerBase: Parser for application/xhtml+xml is org.apache.jmeter.protocol.http.parser.LagartoBasedHtmlParser
2019-07-30 11:00:02,760 INFO o.a.j.p.h.s.HTTPSamplerBase: Parser for application/xml is org.apache.jmeter.protocol.http.parser.LagartoBasedHtmlParser
2019-07-30 11:00:02,760 INFO o.a.j.p.h.s.HTTPSamplerBase: Parser for text/xml is org.apache.jmeter.protocol.http.parser.LagartoBasedHtmlParser
2019-07-30 11:00:02,761 INFO o.a.j.p.h.s.HTTPSamplerBase: Parser for text/vnd.wap.wml is org.apache.jmeter.protocol.http.parser.RegexpHTMLParser
2019-07-30 11:00:02,761 INFO o.a.j.p.h.s.HTTPSamplerBase: Parser for text/css is org.apache.jmeter.protocol.http.parser.CssParser
2019-07-30 11:00:03,380 INFO o.a.j.e.KeyToolUtils: keytool found at 'keytool'
2019-07-30 11:00:03,381 INFO o.a.j.p.h.p.ProxyControl: HTTP(S) Test Script Recorder SSL Proxy will use keys that support embedded 3rd party resources in file /home/yasas/Desktop/Auto-Migration-and-Testing-Python-/testing/bin/proxyserver.jks
2019-07-30 11:00:03,596 INFO o.a.j.s.FileServer: Default base='/home/yasas/Desktop/Auto-Migration-and-Testing-Python-/testing/bin'
2019-07-30 11:00:04,310 INFO o.a.j.s.SampleResult: Note: Sample TimeStamps are START times
2019-07-30 11:00:04,310 INFO o.a.j.s.SampleResult: sampleresult.default.encoding is set to ISO-8859-1
2019-07-30 11:00:04,311 INFO o.a.j.s.SampleResult: sampleresult.useNanoTime=true
2019-07-30 11:00:04,311 INFO o.a.j.s.SampleResult: sampleresult.nanoThreadSleep=5000
2019-07-30 11:08:48,732 INFO o.a.j.g.a.Load: Loading file: /home/yasas/Desktop/Auto-Migration-and-Testing-Python-/testing/bin/RolesAndUsersCreation.jmx
2019-07-30 11:08:48,733 INFO o.a.j.s.FileServer: Set new base='/home/yasas/Desktop/Auto-Migration-and-Testing-Python-/testing/bin'
2019-07-30 11:08:48,952 INFO o.a.j.s.SaveService: Testplan (JMX) version: 2.2. Testlog (JTL) version: 2.2
2019-07-30 11:08:49,030 INFO o.a.j.s.SaveService: Using SaveService properties file encoding UTF-8
2019-07-30 11:08:49,032 INFO o.a.j.s.SaveService: Using SaveService properties version 5.0
2019-07-30 11:08:49,037 INFO o.a.j.s.SaveService: Loading file: /home/yasas/Desktop/Auto-Migration-and-Testing-Python-/testing/bin/RolesAndUsersCreation.jmx
2019-07-30 11:08:49,515 INFO o.a.j.s.FileServer: Set new base='/home/yasas/Desktop/Auto-Migration-and-Testing-Python-/testing/bin'
2019-07-30 11:11:55,712 INFO o.a.j.e.StandardJMeterEngine: Running the test!
2019-07-30 11:11:55,752 INFO o.a.j.s.SampleEvent: List of sample_variables: []
2019-07-30 11:11:55,752 INFO o.a.j.s.SampleEvent: List of sample_variables: []
2019-07-30 11:11:55,778 INFO o.a.j.g.u.JMeterMenuBar: setRunning(true, *local*)
2019-07-30 11:11:55,928 INFO o.a.j.e.StandardJMeterEngine: Starting ThreadGroup: 1 : Thread Group
2019-07-30 11:11:55,928 INFO o.a.j.e.StandardJMeterEngine: Starting 1 threads for group Thread Group.
2019-07-30 11:11:55,928 INFO o.a.j.e.StandardJMeterEngine: Thread will continue on error
2019-07-30 11:11:55,928 INFO o.a.j.t.ThreadGroup: Starting thread group... number=1 threads=1 ramp-up=1 perThread=1000.0 delayedStart=false
2019-07-30 11:11:55,943 INFO o.a.j.t.ThreadGroup: Started thread group number 1
2019-07-30 11:11:55,943 INFO o.a.j.e.StandardJMeterEngine: All thread groups have been started
2019-07-30 11:11:55,947 INFO o.a.j.t.JMeterThread: Thread started: Thread Group 1-1
2019-07-30 11:11:56,103 INFO o.a.j.p.h.s.HTTPHCAbstractImpl: Local host = yasas-in-ubuntu
2019-07-30 11:11:56,133 INFO o.a.j.p.h.s.HTTPHC4Impl: HTTP request retry count = 0
2019-07-30 11:11:56,234 INFO o.a.j.p.h.s.h.LazyLayeredConnectionSocketFactory: Setting up HTTPS TrustAll Socket Factory
2019-07-30 11:11:56,237 INFO o.a.j.u.JsseSSLManager: Using default SSL protocol: TLS
2019-07-30 11:11:56,237 INFO o.a.j.u.JsseSSLManager: SSL session context: per-thread
2019-07-30 11:11:56,571 INFO o.a.j.u.SSLManager: JmeterKeyStore Location:  type JKS
2019-07-30 11:11:56,572 INFO o.a.j.u.SSLManager: KeyStore created OK
2019-07-30 11:11:56,573 WARN o.a.j.u.SSLManager: Keystore file not found, loading empty keystore
2019-07-30 11:11:58,635 INFO o.a.j.t.JMeterThread: Thread is done: Thread Group 1-1
2019-07-30 11:11:58,636 INFO o.a.j.t.JMeterThread: Thread finished: Thread Group 1-1
2019-07-30 11:11:58,637 INFO o.a.j.e.StandardJMeterEngine: Notifying test listeners of end of test
2019-07-30 11:11:58,637 INFO o.a.j.g.u.JMeterMenuBar: setRunning(false, *local*)
2019-07-30 11:23:05,253 INFO o.a.j.g.a.Load: Loading file: /home/yasas/Desktop/Auto-Migration-and-Testing-Python-/testing/DataPopulationInOldVersion.jmx
2019-07-30 11:23:05,253 INFO o.a.j.s.FileServer: Set new base='/home/yasas/Desktop/Auto-Migration-and-Testing-Python-/testing'
2019-07-30 11:23:05,253 INFO o.a.j.s.SaveService: Loading file: /home/yasas/Desktop/Auto-Migration-and-Testing-Python-/testing/DataPopulationInOldVersion.jmx
2019-07-30 11:23:06,111 INFO o.a.j.s.FileServer: Set new base='/home/yasas/Desktop/Auto-Migration-and-Testing-Python-/testing'
2019-07-30 11:23:11,640 INFO o.a.j.e.StandardJMeterEngine: Running the test!
2019-07-30 11:23:11,640 INFO o.a.j.s.SampleEvent: List of sample_variables: []
2019-07-30 11:23:11,661 INFO o.a.j.g.u.JMeterMenuBar: setRunning(true, *local*)
2019-07-30 11:23:11,812 INFO o.a.j.e.StandardJMeterEngine: Starting ThreadGroup: 1 : API Publisher
2019-07-30 11:23:11,812 INFO o.a.j.e.StandardJMeterEngine: Starting 1 threads for group API Publisher.
2019-07-30 11:23:11,812 INFO o.a.j.e.StandardJMeterEngine: Thread will continue on error
2019-07-30 11:23:11,812 INFO o.a.j.t.ThreadGroup: Starting thread group... number=1 threads=1 ramp-up=1 perThread=1000.0 delayedStart=false
2019-07-30 11:23:11,889 INFO o.a.j.t.ThreadGroup: Started thread group number 1
2019-07-30 11:23:11,889 INFO o.a.j.e.StandardJMeterEngine: All thread groups have been started
2019-07-30 11:23:11,896 INFO o.a.j.t.JMeterThread: Thread started: API Publisher 1-1
2019-07-30 11:23:11,898 INFO o.a.j.c.LoopController: iterationStart called on Wait till appear with source org.apache.jmeter.control.LoopController@4bb5f28a and iteration 1
2019-07-30 11:23:11,898 INFO o.a.j.c.LoopController: iterationStart called on Wait till appear with source org.apache.jmeter.control.LoopController@4bb5f28a and iteration 1
2019-07-30 11:23:17,114 INFO o.a.j.p.h.m.RegExUserParameters: RegExUserParameters element: RegEx User Parameters => Referenced RegExp was not found, no parameter will be changed
2019-07-30 11:23:21,640 INFO o.a.j.g.a.Start: Stopping test
2019-07-30 11:23:21,678 INFO o.a.j.t.JMeterThread: Stopping: API Publisher 1-1
2019-07-30 11:23:21,679 WARN o.a.j.t.JMeterThread: Interrupting: API Publisher 1-1 sampler: Create a new application for new version
2019-07-30 11:23:21,778 INFO o.a.j.t.JMeterThread: Thread finished: API Publisher 1-1
2019-07-30 11:23:21,780 INFO o.a.j.e.StandardJMeterEngine: Notifying test listeners of end of test
2019-07-30 11:23:21,780 INFO o.a.j.g.u.JMeterMenuBar: setRunning(false, *local*)
2019-07-30 11:29:19,740 INFO o.a.j.e.StandardJMeterEngine: Running the test!
2019-07-30 11:29:19,752 INFO o.a.j.s.SampleEvent: List of sample_variables: []
2019-07-30 11:29:19,772 INFO o.a.j.g.u.JMeterMenuBar: setRunning(true, *local*)
2019-07-30 11:29:19,910 INFO o.a.j.e.StandardJMeterEngine: Starting ThreadGroup: 1 : API Publisher
2019-07-30 11:29:19,910 INFO o.a.j.e.StandardJMeterEngine: Starting 1 threads for group API Publisher.
2019-07-30 11:29:19,910 INFO o.a.j.e.StandardJMeterEngine: Thread will continue on error
2019-07-30 11:29:19,911 INFO o.a.j.t.ThreadGroup: Starting thread group... number=1 threads=1 ramp-up=1 perThread=1000.0 delayedStart=false
2019-07-30 11:29:19,989 INFO o.a.j.t.ThreadGroup: Started thread group number 1
2019-07-30 11:29:19,989 INFO o.a.j.e.StandardJMeterEngine: All thread groups have been started
2019-07-30 11:29:19,995 INFO o.a.j.t.JMeterThread: Thread started: API Publisher 1-1
2019-07-30 11:29:19,998 INFO o.a.j.c.LoopController: iterationStart called on Wait till appear with source org.apache.jmeter.control.LoopController@347ca0d8 and iteration 1
2019-07-30 11:29:19,998 INFO o.a.j.c.LoopController: iterationStart called on Wait till appear with source org.apache.jmeter.control.LoopController@347ca0d8 and iteration 1
2019-07-30 11:29:21,232 INFO o.a.j.p.h.m.RegExUserParameters: RegExUserParameters element: RegEx User Parameters => Referenced RegExp was not found, no parameter will be changed
2019-07-30 11:29:23,157 INFO o.a.j.p.h.m.RegExUserParameters: RegExUserParameters element: RegEx User Parameters => Referenced RegExp was not found, no parameter will be changed
2019-07-30 11:29:23,237 ERROR o.a.j.u.BeanShellInterpreter: Error invoking bsh method: eval	Sourced file: inline evaluation of: ``if (${api_count} == 3) {     vars.put("RUN_LOOP","false"); };'' : Attempt to access property on undefined variable or class name
2019-07-30 11:29:23,246 WARN o.a.j.m.BeanShellPreProcessor: Problem in BeanShell script. org.apache.jorphan.util.JMeterException: Error invoking bsh method: eval	Sourced file: inline evaluation of: ``if (${api_count} == 3) {     vars.put("RUN_LOOP","false"); };'' : Attempt to access property on undefined variable or class name
2019-07-30 11:29:28,335 ERROR o.a.j.u.BeanShellInterpreter: Error invoking bsh method: eval	In file: inline evaluation of: ``if ( == 3) {     vars.put("RUN_LOOP","false"); };'' Encountered "==" at line 1, column 6.

2019-07-30 11:29:28,336 WARN o.a.j.m.BeanShellPreProcessor: Problem in BeanShell script. org.apache.jorphan.util.JMeterException: Error invoking bsh method: eval	In file: inline evaluation of: ``if ( == 3) {     vars.put("RUN_LOOP","false"); };'' Encountered "==" at line 1, column 6.

2019-07-30 11:29:29,975 INFO o.a.j.g.a.Start: Shutting test down
2019-07-30 11:29:29,984 INFO o.a.j.t.JMeterThread: Stopping: API Publisher 1-1
2019-07-30 11:29:33,336 INFO o.a.j.t.JMeterThread: Thread finished: API Publisher 1-1
2019-07-30 11:29:33,339 INFO o.a.j.e.StandardJMeterEngine: Notifying test listeners of end of test
2019-07-30 11:29:33,339 INFO o.a.j.g.u.JMeterMenuBar: setRunning(false, *local*)
2019-07-30 20:21:07,476 INFO o.a.j.g.a.Load: Loading file: /home/yasas/Desktop/Auto-Migration-and-Testing-Python-/testing/bin/RolesAndUsersCreation.jmx
2019-07-30 20:21:07,516 INFO o.a.j.s.FileServer: Set new base='/home/yasas/Desktop/Auto-Migration-and-Testing-Python-/testing/bin'
2019-07-30 20:21:07,516 INFO o.a.j.s.SaveService: Loading file: /home/yasas/Desktop/Auto-Migration-and-Testing-Python-/testing/bin/RolesAndUsersCreation.jmx
2019-07-30 20:21:07,659 INFO o.a.j.s.FileServer: Set new base='/home/yasas/Desktop/Auto-Migration-and-Testing-Python-/testing/bin'
2019-07-30 20:23:14,097 INFO o.a.j.g.a.Load: Loading file: /home/yasas/Desktop/Auto-Migration-and-Testing-Python-/testing/bin/DataPopulationInOldVersion.jmx
2019-07-30 20:23:14,097 INFO o.a.j.s.FileServer: Set new base='/home/yasas/Desktop/Auto-Migration-and-Testing-Python-/testing/bin'
2019-07-30 20:23:14,097 INFO o.a.j.s.SaveService: Loading file: /home/yasas/Desktop/Auto-Migration-and-Testing-Python-/testing/bin/DataPopulationInOldVersion.jmx
2019-07-30 20:23:14,553 INFO o.a.j.s.FileServer: Set new base='/home/yasas/Desktop/Auto-Migration-and-Testing-Python-/testing/bin'
2019-07-30 20:23:54,843 INFO o.a.j.g.a.Load: Loading file: /home/yasas/Desktop/Auto-Migration-and-Testing-Python-/testing/bin/DataPopulationInOldVersion.jmx
2019-07-30 20:23:54,843 INFO o.a.j.s.FileServer: Set new base='/home/yasas/Desktop/Auto-Migration-and-Testing-Python-/testing/bin'
2019-07-30 20:23:54,843 INFO o.a.j.s.SaveService: Loading file: /home/yasas/Desktop/Auto-Migration-and-Testing-Python-/testing/bin/DataPopulationInOldVersion.jmx
2019-07-30 20:23:55,278 INFO o.a.j.s.FileServer: Set new base='/home/yasas/Desktop/Auto-Migration-and-Testing-Python-/testing/bin'
2019-07-30 20:24:19,856 INFO o.a.j.g.a.Load: Loading file: /home/yasas/Desktop/Auto-Migration-and-Testing-Python-/DataPopulationInOldVersion.jmx
2019-07-30 20:24:19,857 INFO o.a.j.s.FileServer: Set new base='/home/yasas/Desktop/Auto-Migration-and-Testing-Python-'
2019-07-30 20:24:19,857 INFO o.a.j.s.SaveService: Loading file: /home/yasas/Desktop/Auto-Migration-and-Testing-Python-/DataPopulationInOldVersion.jmx
2019-07-30 20:24:20,297 INFO o.a.j.s.FileServer: Set new base='/home/yasas/Desktop/Auto-Migration-and-Testing-Python-'
2019-07-30 20:31:33,842 INFO o.a.j.g.a.Load: Loading file: /home/yasas/Desktop/Auto-Migration-and-Testing-Python-/testing/bin/RolesAndUsersCreation.jmx
2019-07-30 20:31:33,843 INFO o.a.j.s.FileServer: Set new base='/home/yasas/Desktop/Auto-Migration-and-Testing-Python-/testing/bin'
2019-07-30 20:31:33,843 INFO o.a.j.s.SaveService: Loading file: /home/yasas/Desktop/Auto-Migration-and-Testing-Python-/testing/bin/RolesAndUsersCreation.jmx
2019-07-30 20:31:33,913 INFO o.a.j.s.FileServer: Set new base='/home/yasas/Desktop/Auto-Migration-and-Testing-Python-/testing/bin'
2019-07-30 20:31:38,772 INFO o.a.j.e.StandardJMeterEngine: Running the test!
2019-07-30 20:31:38,773 INFO o.a.j.s.SampleEvent: List of sample_variables: []
2019-07-30 20:31:38,776 INFO o.a.j.g.u.JMeterMenuBar: setRunning(true, *local*)
2019-07-30 20:31:39,007 INFO o.a.j.e.StandardJMeterEngine: Starting ThreadGroup: 1 : Thread Group
2019-07-30 20:31:39,007 INFO o.a.j.e.StandardJMeterEngine: Starting 1 threads for group Thread Group.
2019-07-30 20:31:39,007 INFO o.a.j.e.StandardJMeterEngine: Thread will continue on error
2019-07-30 20:31:39,007 INFO o.a.j.t.ThreadGroup: Starting thread group... number=1 threads=1 ramp-up=1 perThread=1000.0 delayedStart=false
2019-07-30 20:31:39,015 INFO o.a.j.t.ThreadGroup: Started thread group number 1
2019-07-30 20:31:39,015 INFO o.a.j.e.StandardJMeterEngine: All thread groups have been started
2019-07-30 20:31:39,016 INFO o.a.j.t.JMeterThread: Thread started: Thread Group 1-1
2019-07-30 20:31:40,681 INFO o.a.j.t.JMeterThread: Thread is done: Thread Group 1-1
2019-07-30 20:31:40,687 INFO o.a.j.t.JMeterThread: Thread finished: Thread Group 1-1
2019-07-30 20:31:40,688 INFO o.a.j.e.StandardJMeterEngine: Notifying test listeners of end of test
2019-07-30 20:31:40,688 INFO o.a.j.g.u.JMeterMenuBar: setRunning(false, *local*)
2019-07-30 20:31:48,752 INFO o.a.j.g.a.Load: Loading file: /home/yasas/Desktop/Auto-Migration-and-Testing-Python-/DataPopulationInOldVersion.jmx
2019-07-30 20:31:48,752 INFO o.a.j.s.FileServer: Set new base='/home/yasas/Desktop/Auto-Migration-and-Testing-Python-'
2019-07-30 20:31:48,752 INFO o.a.j.s.SaveService: Loading file: /home/yasas/Desktop/Auto-Migration-and-Testing-Python-/DataPopulationInOldVersion.jmx
2019-07-30 20:31:49,095 INFO o.a.j.s.FileServer: Set new base='/home/yasas/Desktop/Auto-Migration-and-Testing-Python-'
2019-07-30 20:31:57,323 INFO o.a.j.e.StandardJMeterEngine: Running the test!
2019-07-30 20:31:57,324 INFO o.a.j.s.SampleEvent: List of sample_variables: []
2019-07-30 20:31:57,333 INFO o.a.j.g.u.JMeterMenuBar: setRunning(true, *local*)
2019-07-30 20:31:57,515 INFO o.a.j.e.StandardJMeterEngine: Starting ThreadGroup: 1 : API Publisher
2019-07-30 20:31:57,516 INFO o.a.j.e.StandardJMeterEngine: Starting 1 threads for group API Publisher.
2019-07-30 20:31:57,516 INFO o.a.j.e.StandardJMeterEngine: Thread will continue on error
2019-07-30 20:31:57,516 INFO o.a.j.t.ThreadGroup: Starting thread group... number=1 threads=1 ramp-up=1 perThread=1000.0 delayedStart=false
2019-07-30 20:31:57,569 INFO o.a.j.t.ThreadGroup: Started thread group number 1
2019-07-30 20:31:57,569 INFO o.a.j.e.StandardJMeterEngine: All thread groups have been started
2019-07-30 20:31:57,572 INFO o.a.j.t.JMeterThread: Thread started: API Publisher 1-1
2019-07-30 20:31:57,573 INFO o.a.j.c.LoopController: iterationStart called on Wait till appear with source org.apache.jmeter.control.LoopController@2af49c77 and iteration 1
2019-07-30 20:31:57,574 INFO o.a.j.c.LoopController: iterationStart called on Wait till appear with source org.apache.jmeter.control.LoopController@2af49c77 and iteration 1
2019-07-30 20:31:58,250 INFO o.a.j.p.h.m.RegExUserParameters: RegExUserParameters element: RegEx User Parameters => Referenced RegExp was not found, no parameter will be changed
2019-07-30 20:31:58,972 INFO o.a.j.g.a.Start: Stopping test
2019-07-30 20:31:58,992 INFO o.a.j.t.JMeterThread: Stopping: API Publisher 1-1
2019-07-30 20:31:58,992 WARN o.a.j.t.JMeterThread: Interrupting: API Publisher 1-1 sampler: List of available APIs from Store
2019-07-30 20:31:59,000 INFO o.a.j.t.JMeterThread: Thread finished: API Publisher 1-1
2019-07-30 20:31:59,001 INFO o.a.j.e.StandardJMeterEngine: Notifying test listeners of end of test
2019-07-30 20:31:59,002 INFO o.a.j.g.u.JMeterMenuBar: setRunning(false, *local*)
2019-07-30 20:32:47,980 INFO o.a.j.g.a.Load: Loading file: /home/yasas/Desktop/Auto-Migration-and-Testing-Python-/testing/bin/DataPopulationInOldVersion.jmx
2019-07-30 20:32:47,980 INFO o.a.j.s.FileServer: Set new base='/home/yasas/Desktop/Auto-Migration-and-Testing-Python-/testing/bin'
2019-07-30 20:32:47,980 INFO o.a.j.s.SaveService: Loading file: /home/yasas/Desktop/Auto-Migration-and-Testing-Python-/testing/bin/DataPopulationInOldVersion.jmx
2019-07-30 20:32:48,278 INFO o.a.j.s.FileServer: Set new base='/home/yasas/Desktop/Auto-Migration-and-Testing-Python-/testing/bin'
2019-07-30 20:33:00,588 INFO o.a.j.e.StandardJMeterEngine: Running the test!
2019-07-30 20:33:00,592 INFO o.a.j.s.SampleEvent: List of sample_variables: []
2019-07-30 20:33:00,602 INFO o.a.j.g.u.JMeterMenuBar: setRunning(true, *local*)
2019-07-30 20:33:00,791 INFO o.a.j.e.StandardJMeterEngine: Starting ThreadGroup: 1 : API Publisher
2019-07-30 20:33:00,791 INFO o.a.j.e.StandardJMeterEngine: Starting 1 threads for group API Publisher.
2019-07-30 20:33:00,791 INFO o.a.j.e.StandardJMeterEngine: Thread will continue on error
2019-07-30 20:33:00,792 INFO o.a.j.t.ThreadGroup: Starting thread group... number=1 threads=1 ramp-up=1 perThread=1000.0 delayedStart=false
2019-07-30 20:33:00,865 INFO o.a.j.t.ThreadGroup: Started thread group number 1
2019-07-30 20:33:00,865 INFO o.a.j.e.StandardJMeterEngine: All thread groups have been started
2019-07-30 20:33:00,871 INFO o.a.j.t.JMeterThread: Thread started: API Publisher 1-1
2019-07-30 20:33:00,872 INFO o.a.j.c.LoopController: iterationStart called on Wait till appear with source org.apache.jmeter.control.LoopController@135cf631 and iteration 1
2019-07-30 20:33:00,872 INFO o.a.j.c.LoopController: iterationStart called on Wait till appear with source org.apache.jmeter.control.LoopController@135cf631 and iteration 1
2019-07-30 20:33:01,225 INFO o.a.j.p.h.m.RegExUserParameters: RegExUserParameters element: RegEx User Parameters => Referenced RegExp was not found, no parameter will be changed
2019-07-30 20:33:01,440 INFO o.a.j.p.h.m.RegExUserParameters: RegExUserParameters element: RegEx User Parameters => Referenced RegExp was not found, no parameter will be changed
2019-07-30 20:33:01,468 ERROR o.a.j.u.BeanShellInterpreter: Error invoking bsh method: eval	Sourced file: inline evaluation of: ``if (${api_count} == 3) {     vars.put("RUN_LOOP","false"); };'' : Attempt to access property on undefined variable or class name
2019-07-30 20:33:01,469 WARN o.a.j.m.BeanShellPreProcessor: Problem in BeanShell script. org.apache.jorphan.util.JMeterException: Error invoking bsh method: eval	Sourced file: inline evaluation of: ``if (${api_count} == 3) {     vars.put("RUN_LOOP","false"); };'' : Attempt to access property on undefined variable or class name
2019-07-30 20:33:03,410 INFO o.a.j.g.a.Start: Stopping test
2019-07-30 20:33:03,419 INFO o.a.j.t.JMeterThread: Stopping: API Publisher 1-1
2019-07-30 20:33:03,420 WARN o.a.j.t.JMeterThread: The delay timer was interrupted - probably did not wait as long as intended.
2019-07-30 20:33:03,421 INFO o.a.j.t.JMeterThread: Thread finished: API Publisher 1-1
2019-07-30 20:33:03,429 INFO o.a.j.e.StandardJMeterEngine: Notifying test listeners of end of test
2019-07-30 20:33:03,430 INFO o.a.j.g.u.JMeterMenuBar: setRunning(false, *local*)
2019-07-30 20:33:46,576 INFO o.a.j.e.StandardJMeterEngine: Running the test!
2019-07-30 20:33:46,577 INFO o.a.j.s.SampleEvent: List of sample_variables: []
2019-07-30 20:33:46,582 INFO o.a.j.g.u.JMeterMenuBar: setRunning(true, *local*)
2019-07-30 20:33:46,758 INFO o.a.j.e.StandardJMeterEngine: Starting ThreadGroup: 1 : API Publisher
2019-07-30 20:33:46,758 INFO o.a.j.e.StandardJMeterEngine: Starting 1 threads for group API Publisher.
2019-07-30 20:33:46,758 INFO o.a.j.e.StandardJMeterEngine: Thread will continue on error
2019-07-30 20:33:46,759 INFO o.a.j.t.ThreadGroup: Starting thread group... number=1 threads=1 ramp-up=1 perThread=1000.0 delayedStart=false
2019-07-30 20:33:46,814 INFO o.a.j.t.ThreadGroup: Started thread group number 1
2019-07-30 20:33:46,814 INFO o.a.j.e.StandardJMeterEngine: All thread groups have been started
2019-07-30 20:33:46,818 INFO o.a.j.t.JMeterThread: Thread started: API Publisher 1-1
2019-07-30 20:33:46,819 INFO o.a.j.c.LoopController: iterationStart called on Wait till appear with source org.apache.jmeter.control.LoopController@497791b8 and iteration 1
2019-07-30 20:33:46,820 INFO o.a.j.c.LoopController: iterationStart called on Wait till appear with source org.apache.jmeter.control.LoopController@497791b8 and iteration 1
2019-07-30 20:33:49,436 INFO o.a.j.p.h.m.RegExUserParameters: RegExUserParameters element: RegEx User Parameters => Referenced RegExp was not found, no parameter will be changed
2019-07-30 20:33:51,974 INFO o.a.j.g.a.Start: Shutting test down
2019-07-30 20:33:51,979 INFO o.a.j.t.JMeterThread: Stopping: API Publisher 1-1
2019-07-30 20:33:52,246 INFO o.a.j.t.JMeterThread: Thread finished: API Publisher 1-1
2019-07-30 20:33:52,248 INFO o.a.j.e.StandardJMeterEngine: Notifying test listeners of end of test
2019-07-30 20:33:52,248 INFO o.a.j.g.u.JMeterMenuBar: setRunning(false, *local*)
2019-07-30 20:34:34,367 INFO o.a.j.g.a.Load: Loading file: /home/yasas/Desktop/Auto-Migration-and-Testing-Python-/DataPopulationInOldVersion.jmx
2019-07-30 20:34:34,367 INFO o.a.j.s.FileServer: Set new base='/home/yasas/Desktop/Auto-Migration-and-Testing-Python-'
2019-07-30 20:34:34,367 INFO o.a.j.s.SaveService: Loading file: /home/yasas/Desktop/Auto-Migration-and-Testing-Python-/DataPopulationInOldVersion.jmx
2019-07-30 20:34:34,643 INFO o.a.j.s.FileServer: Set new base='/home/yasas/Desktop/Auto-Migration-and-Testing-Python-'
2019-07-30 20:34:37,892 INFO o.a.j.e.StandardJMeterEngine: Running the test!
2019-07-30 20:34:37,892 INFO o.a.j.s.SampleEvent: List of sample_variables: []
2019-07-30 20:34:37,898 INFO o.a.j.g.u.JMeterMenuBar: setRunning(true, *local*)
2019-07-30 20:34:38,081 INFO o.a.j.e.StandardJMeterEngine: Starting ThreadGroup: 1 : API Publisher
2019-07-30 20:34:38,081 INFO o.a.j.e.StandardJMeterEngine: Starting 1 threads for group API Publisher.
2019-07-30 20:34:38,081 INFO o.a.j.e.StandardJMeterEngine: Thread will continue on error
2019-07-30 20:34:38,082 INFO o.a.j.t.ThreadGroup: Starting thread group... number=1 threads=1 ramp-up=1 perThread=1000.0 delayedStart=false
2019-07-30 20:34:38,118 INFO o.a.j.t.ThreadGroup: Started thread group number 1
2019-07-30 20:34:38,118 INFO o.a.j.e.StandardJMeterEngine: All thread groups have been started
2019-07-30 20:34:38,121 INFO o.a.j.t.JMeterThread: Thread started: API Publisher 1-1
2019-07-30 20:34:38,121 INFO o.a.j.c.LoopController: iterationStart called on Wait till appear with source org.apache.jmeter.control.LoopController@4e1e326 and iteration 1
2019-07-30 20:34:38,122 INFO o.a.j.c.LoopController: iterationStart called on Wait till appear with source org.apache.jmeter.control.LoopController@4e1e326 and iteration 1
2019-07-30 20:34:38,320 INFO o.a.j.p.h.m.RegExUserParameters: RegExUserParameters element: RegEx User Parameters => Referenced RegExp was not found, no parameter will be changed
2019-07-30 20:34:38,545 INFO o.a.j.p.h.m.RegExUserParameters: RegExUserParameters element: RegEx User Parameters => Referenced RegExp was not found, no parameter will be changed
2019-07-30 20:34:38,573 ERROR o.a.j.u.BeanShellInterpreter: Error invoking bsh method: eval	Sourced file: inline evaluation of: ``if (${api_count} == 3) {     vars.put("RUN_LOOP","false"); };'' : Attempt to access property on undefined variable or class name
2019-07-30 20:34:38,573 WARN o.a.j.m.BeanShellPreProcessor: Problem in BeanShell script. org.apache.jorphan.util.JMeterException: Error invoking bsh method: eval	Sourced file: inline evaluation of: ``if (${api_count} == 3) {     vars.put("RUN_LOOP","false"); };'' : Attempt to access property on undefined variable or class name
2019-07-30 20:34:41,069 INFO o.a.j.g.a.Start: Shutting test down
2019-07-30 20:34:41,072 INFO o.a.j.t.JMeterThread: Stopping: API Publisher 1-1
2019-07-30 20:34:43,574 INFO o.a.j.t.JMeterThread: Thread finished: API Publisher 1-1
2019-07-30 20:34:43,575 INFO o.a.j.e.StandardJMeterEngine: Notifying test listeners of end of test
2019-07-30 20:34:43,576 INFO o.a.j.g.u.JMeterMenuBar: setRunning(false, *local*)
2019-07-30 20:34:56,101 INFO o.a.j.e.StandardJMeterEngine: Running the test!
2019-07-30 20:34:56,102 INFO o.a.j.s.SampleEvent: List of sample_variables: []
2019-07-30 20:34:56,105 INFO o.a.j.g.u.JMeterMenuBar: setRunning(true, *local*)
2019-07-30 20:34:56,270 INFO o.a.j.e.StandardJMeterEngine: Starting ThreadGroup: 1 : API Publisher
2019-07-30 20:34:56,270 INFO o.a.j.e.StandardJMeterEngine: Starting 1 threads for group API Publisher.
2019-07-30 20:34:56,270 INFO o.a.j.e.StandardJMeterEngine: Thread will continue on error
2019-07-30 20:34:56,270 INFO o.a.j.t.ThreadGroup: Starting thread group... number=1 threads=1 ramp-up=1 perThread=1000.0 delayedStart=false
2019-07-30 20:34:56,301 INFO o.a.j.t.ThreadGroup: Started thread group number 1
2019-07-30 20:34:56,301 INFO o.a.j.e.StandardJMeterEngine: All thread groups have been started
2019-07-30 20:34:56,305 INFO o.a.j.t.JMeterThread: Thread started: API Publisher 1-1
2019-07-30 20:34:56,305 INFO o.a.j.c.LoopController: iterationStart called on Wait till appear with source org.apache.jmeter.control.LoopController@24a3d422 and iteration 1
2019-07-30 20:34:56,306 INFO o.a.j.c.LoopController: iterationStart called on Wait till appear with source org.apache.jmeter.control.LoopController@24a3d422 and iteration 1
2019-07-30 20:34:57,063 INFO o.a.j.p.h.m.RegExUserParameters: RegExUserParameters element: RegEx User Parameters => Referenced RegExp was not found, no parameter will be changed
2019-07-30 20:34:58,347 INFO o.a.j.p.h.m.RegExUserParameters: RegExUserParameters element: RegEx User Parameters => Referenced RegExp was not found, no parameter will be changed
2019-07-30 20:34:58,372 ERROR o.a.j.u.BeanShellInterpreter: Error invoking bsh method: eval	Sourced file: inline evaluation of: ``if (${api_count} == 3) {     vars.put("RUN_LOOP","false"); };'' : Attempt to access property on undefined variable or class name
2019-07-30 20:34:58,372 WARN o.a.j.m.BeanShellPreProcessor: Problem in BeanShell script. org.apache.jorphan.util.JMeterException: Error invoking bsh method: eval	Sourced file: inline evaluation of: ``if (${api_count} == 3) {     vars.put("RUN_LOOP","false"); };'' : Attempt to access property on undefined variable or class name
2019-07-30 20:35:01,127 INFO o.a.j.g.a.Start: Shutting test down
2019-07-30 20:35:01,131 INFO o.a.j.t.JMeterThread: Stopping: API Publisher 1-1
2019-07-30 20:35:03,373 INFO o.a.j.t.JMeterThread: Thread finished: API Publisher 1-1
2019-07-30 20:35:03,375 INFO o.a.j.e.StandardJMeterEngine: Notifying test listeners of end of test
2019-07-30 20:35:03,375 INFO o.a.j.g.u.JMeterMenuBar: setRunning(false, *local*)
2019-07-30 20:41:40,113 INFO o.a.j.g.a.Load: Loading file: /home/yasas/Desktop/Auto-Migration-and-Testing-Python-/testing/DataPopulationInOldVersion2.jmx
2019-07-30 20:41:40,113 INFO o.a.j.s.FileServer: Set new base='/home/yasas/Desktop/Auto-Migration-and-Testing-Python-/testing'
2019-07-30 20:41:40,114 INFO o.a.j.s.SaveService: Loading file: /home/yasas/Desktop/Auto-Migration-and-Testing-Python-/testing/DataPopulationInOldVersion2.jmx
2019-07-30 20:41:40,362 INFO o.a.j.s.FileServer: Set new base='/home/yasas/Desktop/Auto-Migration-and-Testing-Python-/testing'
2019-07-30 20:41:45,314 INFO o.a.j.e.StandardJMeterEngine: Running the test!
2019-07-30 20:41:45,315 INFO o.a.j.s.SampleEvent: List of sample_variables: []
2019-07-30 20:41:45,319 INFO o.a.j.g.u.JMeterMenuBar: setRunning(true, *local*)
2019-07-30 20:41:45,512 INFO o.a.j.e.StandardJMeterEngine: Starting ThreadGroup: 1 : API Publisher
2019-07-30 20:41:45,512 INFO o.a.j.e.StandardJMeterEngine: Starting 1 threads for group API Publisher.
2019-07-30 20:41:45,512 INFO o.a.j.e.StandardJMeterEngine: Thread will continue on error
2019-07-30 20:41:45,512 INFO o.a.j.t.ThreadGroup: Starting thread group... number=1 threads=1 ramp-up=1 perThread=1000.0 delayedStart=false
2019-07-30 20:41:45,545 INFO o.a.j.t.ThreadGroup: Started thread group number 1
2019-07-30 20:41:45,546 INFO o.a.j.e.StandardJMeterEngine: All thread groups have been started
2019-07-30 20:41:45,549 INFO o.a.j.t.JMeterThread: Thread started: API Publisher 1-1
2019-07-30 20:41:45,550 INFO o.a.j.c.LoopController: iterationStart called on Wait till appear with source org.apache.jmeter.control.LoopController@26759e78 and iteration 1
2019-07-30 20:41:45,550 INFO o.a.j.c.LoopController: iterationStart called on Wait till appear with source org.apache.jmeter.control.LoopController@26759e78 and iteration 1
2019-07-30 20:41:45,748 INFO o.a.j.p.h.m.RegExUserParameters: RegExUserParameters element: RegEx User Parameters => Referenced RegExp was not found, no parameter will be changed
2019-07-30 20:41:45,857 INFO o.a.j.p.h.m.RegExUserParameters: RegExUserParameters element: RegEx User Parameters => Referenced RegExp was not found, no parameter will be changed
2019-07-30 20:41:45,874 ERROR o.a.j.u.BeanShellInterpreter: Error invoking bsh method: eval	Sourced file: inline evaluation of: ``if (${api_count} == 3) {     vars.put("RUN_LOOP","false"); };'' : Attempt to access property on undefined variable or class name
2019-07-30 20:41:45,874 WARN o.a.j.m.BeanShellPreProcessor: Problem in BeanShell script. org.apache.jorphan.util.JMeterException: Error invoking bsh method: eval	Sourced file: inline evaluation of: ``if (${api_count} == 3) {     vars.put("RUN_LOOP","false"); };'' : Attempt to access property on undefined variable or class name
2019-07-30 20:41:50,915 ERROR o.a.j.u.BeanShellInterpreter: Error invoking bsh method: eval	In file: inline evaluation of: ``if ( == 3) {     vars.put("RUN_LOOP","false"); };'' Encountered "==" at line 1, column 6.

2019-07-30 20:41:50,915 WARN o.a.j.m.BeanShellPreProcessor: Problem in BeanShell script. org.apache.jorphan.util.JMeterException: Error invoking bsh method: eval	In file: inline evaluation of: ``if ( == 3) {     vars.put("RUN_LOOP","false"); };'' Encountered "==" at line 1, column 6.

2019-07-30 20:41:51,368 INFO o.a.j.g.a.Start: Shutting test down
2019-07-30 20:41:51,373 INFO o.a.j.t.JMeterThread: Stopping: API Publisher 1-1
2019-07-30 20:41:55,916 INFO o.a.j.t.JMeterThread: Thread finished: API Publisher 1-1
2019-07-30 20:41:55,917 INFO o.a.j.e.StandardJMeterEngine: Notifying test listeners of end of test
2019-07-30 20:41:55,917 INFO o.a.j.g.u.JMeterMenuBar: setRunning(false, *local*)
2019-07-30 20:42:09,078 INFO o.a.j.e.StandardJMeterEngine: Running the test!
2019-07-30 20:42:09,079 INFO o.a.j.s.SampleEvent: List of sample_variables: []
2019-07-30 20:42:09,082 INFO o.a.j.g.u.JMeterMenuBar: setRunning(true, *local*)
2019-07-30 20:42:09,254 INFO o.a.j.e.StandardJMeterEngine: Starting ThreadGroup: 1 : API Publisher
2019-07-30 20:42:09,254 INFO o.a.j.e.StandardJMeterEngine: Starting 1 threads for group API Publisher.
2019-07-30 20:42:09,254 INFO o.a.j.e.StandardJMeterEngine: Thread will continue on error
2019-07-30 20:42:09,254 INFO o.a.j.t.ThreadGroup: Starting thread group... number=1 threads=1 ramp-up=1 perThread=1000.0 delayedStart=false
2019-07-30 20:42:09,289 INFO o.a.j.t.ThreadGroup: Started thread group number 1
2019-07-30 20:42:09,289 INFO o.a.j.e.StandardJMeterEngine: All thread groups have been started
2019-07-30 20:42:09,292 INFO o.a.j.t.JMeterThread: Thread started: API Publisher 1-1
2019-07-30 20:42:09,293 INFO o.a.j.c.LoopController: iterationStart called on Wait till appear with source org.apache.jmeter.control.LoopController@5fc83269 and iteration 1
2019-07-30 20:42:09,293 INFO o.a.j.c.LoopController: iterationStart called on Wait till appear with source org.apache.jmeter.control.LoopController@5fc83269 and iteration 1
2019-07-30 20:42:09,487 INFO o.a.j.p.h.m.RegExUserParameters: RegExUserParameters element: RegEx User Parameters => Referenced RegExp was not found, no parameter will be changed
2019-07-30 20:42:09,726 INFO o.a.j.p.h.m.RegExUserParameters: RegExUserParameters element: RegEx User Parameters => Referenced RegExp was not found, no parameter will be changed
2019-07-30 20:42:09,760 ERROR o.a.j.u.BeanShellInterpreter: Error invoking bsh method: eval	Sourced file: inline evaluation of: ``if (${api_count} == 3) {     vars.put("RUN_LOOP","false"); };'' : Attempt to access property on undefined variable or class name
2019-07-30 20:42:09,761 WARN o.a.j.m.BeanShellPreProcessor: Problem in BeanShell script. org.apache.jorphan.util.JMeterException: Error invoking bsh method: eval	Sourced file: inline evaluation of: ``if (${api_count} == 3) {     vars.put("RUN_LOOP","false"); };'' : Attempt to access property on undefined variable or class name
2019-07-30 20:42:20,418 INFO o.a.j.g.a.Start: Shutting test down
2019-07-30 20:42:20,424 INFO o.a.j.t.JMeterThread: Stopping: API Publisher 1-1
2019-07-30 20:42:25,086 INFO o.a.j.t.JMeterThread: Thread finished: API Publisher 1-1
2019-07-30 20:42:25,088 INFO o.a.j.e.StandardJMeterEngine: Notifying test listeners of end of test
2019-07-30 20:42:25,089 INFO o.a.j.g.u.JMeterMenuBar: setRunning(false, *local*)
2019-07-30 20:42:49,137 INFO o.a.j.g.a.Load: Loading file: /home/yasas/Desktop/Auto-Migration-and-Testing-Python-/testing/bin/DataPopulationInOldVersion2.jmx
2019-07-30 20:42:49,138 INFO o.a.j.s.FileServer: Set new base='/home/yasas/Desktop/Auto-Migration-and-Testing-Python-/testing/bin'
2019-07-30 20:42:49,138 INFO o.a.j.s.SaveService: Loading file: /home/yasas/Desktop/Auto-Migration-and-Testing-Python-/testing/bin/DataPopulationInOldVersion2.jmx
2019-07-30 20:42:49,442 INFO o.a.j.s.FileServer: Set new base='/home/yasas/Desktop/Auto-Migration-and-Testing-Python-/testing/bin'
2019-07-30 20:43:20,080 INFO o.a.j.e.StandardJMeterEngine: Running the test!
2019-07-30 20:43:20,081 INFO o.a.j.s.SampleEvent: List of sample_variables: []
2019-07-30 20:43:20,084 INFO o.a.j.g.u.JMeterMenuBar: setRunning(true, *local*)
2019-07-30 20:43:20,276 INFO o.a.j.e.StandardJMeterEngine: Starting ThreadGroup: 1 : API Publisher
2019-07-30 20:43:20,276 INFO o.a.j.e.StandardJMeterEngine: Starting 1 threads for group API Publisher.
2019-07-30 20:43:20,277 INFO o.a.j.e.StandardJMeterEngine: Thread will continue on error
2019-07-30 20:43:20,277 INFO o.a.j.t.ThreadGroup: Starting thread group... number=1 threads=1 ramp-up=1 perThread=1000.0 delayedStart=false
2019-07-30 20:43:20,315 INFO o.a.j.t.ThreadGroup: Started thread group number 1
2019-07-30 20:43:20,315 INFO o.a.j.e.StandardJMeterEngine: All thread groups have been started
2019-07-30 20:43:20,318 INFO o.a.j.t.JMeterThread: Thread started: API Publisher 1-1
2019-07-30 20:43:20,318 INFO o.a.j.c.LoopController: iterationStart called on Wait till appear with source org.apache.jmeter.control.LoopController@447a3cd5 and iteration 1
2019-07-30 20:43:20,319 INFO o.a.j.c.LoopController: iterationStart called on Wait till appear with source org.apache.jmeter.control.LoopController@447a3cd5 and iteration 1
2019-07-30 20:43:20,545 INFO o.a.j.p.h.m.RegExUserParameters: RegExUserParameters element: RegEx User Parameters => Referenced RegExp was not found, no parameter will be changed
2019-07-30 20:43:20,757 INFO o.a.j.p.h.m.RegExUserParameters: RegExUserParameters element: RegEx User Parameters => Referenced RegExp was not found, no parameter will be changed
2019-07-30 20:43:20,792 ERROR o.a.j.u.BeanShellInterpreter: Error invoking bsh method: eval	Sourced file: inline evaluation of: ``if (${api_count} == 3) {     vars.put("RUN_LOOP","false"); };'' : Attempt to access property on undefined variable or class name
2019-07-30 20:43:20,795 WARN o.a.j.m.BeanShellPreProcessor: Problem in BeanShell script. org.apache.jorphan.util.JMeterException: Error invoking bsh method: eval	Sourced file: inline evaluation of: ``if (${api_count} == 3) {     vars.put("RUN_LOOP","false"); };'' : Attempt to access property on undefined variable or class name
2019-07-30 20:43:22,612 INFO o.a.j.g.a.Start: Shutting test down
2019-07-30 20:43:22,617 INFO o.a.j.t.JMeterThread: Stopping: API Publisher 1-1
2019-07-30 20:43:25,796 INFO o.a.j.t.JMeterThread: Thread finished: API Publisher 1-1
2019-07-30 20:43:25,798 INFO o.a.j.e.StandardJMeterEngine: Notifying test listeners of end of test
2019-07-30 20:43:25,799 INFO o.a.j.g.u.JMeterMenuBar: setRunning(false, *local*)
2019-07-30 20:48:07,261 INFO o.a.j.g.a.Load: Loading file: /home/yasas/Desktop/Auto-Migration-and-Testing-Python-/testing/bin/RolesAndUsersCreation.jmx
2019-07-30 20:48:07,261 INFO o.a.j.s.FileServer: Set new base='/home/yasas/Desktop/Auto-Migration-and-Testing-Python-/testing/bin'
2019-07-30 20:48:07,261 INFO o.a.j.s.SaveService: Loading file: /home/yasas/Desktop/Auto-Migration-and-Testing-Python-/testing/bin/RolesAndUsersCreation.jmx
2019-07-30 20:48:07,356 INFO o.a.j.s.FileServer: Set new base='/home/yasas/Desktop/Auto-Migration-and-Testing-Python-/testing/bin'
2019-07-30 20:49:37,067 INFO o.a.j.g.a.Load: Loading file: /home/yasas/Desktop/testing/bin/RolesAndUsersCreation.jmx
2019-07-30 20:49:37,067 INFO o.a.j.s.FileServer: Set new base='/home/yasas/Desktop/testing/bin'
2019-07-30 20:49:37,067 INFO o.a.j.s.SaveService: Loading file: /home/yasas/Desktop/testing/bin/RolesAndUsersCreation.jmx
2019-07-30 20:49:37,174 INFO o.a.j.s.FileServer: Set new base='/home/yasas/Desktop/testing/bin'
2019-07-30 20:53:00,302 INFO o.a.j.g.a.Load: Loading file: /home/yasas/Desktop/Auto-Migration-and-Testing-Python-/testing/bin/DataPopulationInOldVersion2.jmx
2019-07-30 20:53:00,302 INFO o.a.j.s.FileServer: Set new base='/home/yasas/Desktop/Auto-Migration-and-Testing-Python-/testing/bin'
2019-07-30 20:53:00,302 INFO o.a.j.s.SaveService: Loading file: /home/yasas/Desktop/Auto-Migration-and-Testing-Python-/testing/bin/DataPopulationInOldVersion2.jmx
2019-07-30 20:53:00,497 INFO o.a.j.s.FileServer: Set new base='/home/yasas/Desktop/Auto-Migration-and-Testing-Python-/testing/bin'
2019-07-30 20:53:22,473 INFO o.a.j.g.a.Load: Loading file: /home/yasas/Desktop/Auto-Migration-and-Testing-Python-/testing/bin/DataPopulationInOldVersion.jmx
2019-07-30 20:53:22,473 INFO o.a.j.s.FileServer: Set new base='/home/yasas/Desktop/Auto-Migration-and-Testing-Python-/testing/bin'
2019-07-30 20:53:22,473 INFO o.a.j.s.SaveService: Loading file: /home/yasas/Desktop/Auto-Migration-and-Testing-Python-/testing/bin/DataPopulationInOldVersion.jmx
2019-07-30 20:53:22,755 INFO o.a.j.s.FileServer: Set new base='/home/yasas/Desktop/Auto-Migration-and-Testing-Python-/testing/bin'
2019-07-30 20:54:40,260 INFO o.a.j.g.a.Load: Loading file: /home/yasas/Desktop/Auto-Migration-and-Testing-Python-/testing/bin/DataPopulationInOldVersion.jmx
2019-07-30 20:54:40,260 INFO o.a.j.s.FileServer: Set new base='/home/yasas/Desktop/Auto-Migration-and-Testing-Python-/testing/bin'
2019-07-30 20:54:40,261 INFO o.a.j.s.SaveService: Loading file: /home/yasas/Desktop/Auto-Migration-and-Testing-Python-/testing/bin/DataPopulationInOldVersion.jmx
2019-07-30 20:54:40,527 INFO o.a.j.s.FileServer: Set new base='/home/yasas/Desktop/Auto-Migration-and-Testing-Python-/testing/bin'
2019-07-30 20:55:30,800 INFO o.a.j.g.a.Load: Loading file: /home/yasas/Desktop/Auto-Migration-and-Testing-Python-/testing/bin/DataPopulationInOldVersion.jmx
2019-07-30 20:55:30,800 INFO o.a.j.s.FileServer: Set new base='/home/yasas/Desktop/Auto-Migration-and-Testing-Python-/testing/bin'
2019-07-30 20:55:30,800 INFO o.a.j.s.SaveService: Loading file: /home/yasas/Desktop/Auto-Migration-and-Testing-Python-/testing/bin/DataPopulationInOldVersion.jmx
2019-07-30 20:55:31,062 INFO o.a.j.s.FileServer: Set new base='/home/yasas/Desktop/Auto-Migration-and-Testing-Python-/testing/bin'
2019-07-30 20:55:46,444 INFO o.a.j.g.a.Load: Loading file: /home/yasas/Desktop/Auto-Migration-and-Testing-Python-/testing/bin/Validation_in_new_APIM.jmx
2019-07-30 20:55:46,444 INFO o.a.j.s.FileServer: Set new base='/home/yasas/Desktop/Auto-Migration-and-Testing-Python-/testing/bin'
2019-07-30 20:55:46,444 INFO o.a.j.s.SaveService: Loading file: /home/yasas/Desktop/Auto-Migration-and-Testing-Python-/testing/bin/Validation_in_new_APIM.jmx
2019-07-30 20:55:46,578 INFO o.a.j.s.FileServer: Set new base='/home/yasas/Desktop/Auto-Migration-and-Testing-Python-/testing/bin'
2019-07-30 20:56:27,389 INFO o.a.j.g.a.Load: Loading file: /home/yasas/Desktop/testing/bin/RolesAndUsersCreation.jmx
2019-07-30 20:56:27,389 INFO o.a.j.s.FileServer: Set new base='/home/yasas/Desktop/testing/bin'
2019-07-30 20:56:27,391 INFO o.a.j.s.SaveService: Loading file: /home/yasas/Desktop/testing/bin/RolesAndUsersCreation.jmx
2019-07-30 20:56:27,476 INFO o.a.j.s.FileServer: Set new base='/home/yasas/Desktop/testing/bin'
2019-07-30 20:56:34,967 INFO o.a.j.g.a.Load: Loading file: /home/yasas/Desktop/Auto-Migration-and-Testing-Python-/testing/bin/Validation_in_new_APIM.jmx
2019-07-30 20:56:34,967 INFO o.a.j.s.FileServer: Set new base='/home/yasas/Desktop/Auto-Migration-and-Testing-Python-/testing/bin'
2019-07-30 20:56:34,967 INFO o.a.j.s.SaveService: Loading file: /home/yasas/Desktop/Auto-Migration-and-Testing-Python-/testing/bin/Validation_in_new_APIM.jmx
2019-07-30 20:56:35,156 INFO o.a.j.s.FileServer: Set new base='/home/yasas/Desktop/Auto-Migration-and-Testing-Python-/testing/bin'
2019-07-30 20:57:01,512 INFO o.a.j.g.a.Load: Loading file: /home/yasas/Desktop/Auto-Migration-and-Testing-Python-/testing/bin/DataPopulationInOldVersion.jmx
2019-07-30 20:57:01,512 INFO o.a.j.s.FileServer: Set new base='/home/yasas/Desktop/Auto-Migration-and-Testing-Python-/testing/bin'
2019-07-30 20:57:01,512 INFO o.a.j.s.SaveService: Loading file: /home/yasas/Desktop/Auto-Migration-and-Testing-Python-/testing/bin/DataPopulationInOldVersion.jmx
2019-07-30 20:57:01,757 INFO o.a.j.s.FileServer: Set new base='/home/yasas/Desktop/Auto-Migration-and-Testing-Python-/testing/bin'
